Task "Create Project" successful.
Generated logfile: 
Info: *******************************************************************
Info: Running Quartus Prime Timing Analyzer
    Info: Version 20.4.0 Build 72 12/14/2020 SC Pro Edition
    Info: Copyright (C) 2020  Intel Corporation. All rights reserved.
    Info: Your use of Intel Corporation's design tools, logic functions 
    Info: and other software and tools, and any partner logic 
    Info: functions, and any output files from any of the foregoing 
    Info: (including device programming or simulation files), and any 
    Info: associated documentation or information are expressly subject 
    Info: to the terms and conditions of the Intel Program License 
    Info: Subscription Agreement, the Intel Quartus Prime License Agreement,
    Info: the Intel FPGA IP License Agreement, or other applicable license
    Info: agreement, including, without limitation, that your use is for
    Info: the sole purpose of programming logic devices manufactured by
    Info: Intel and sold by Intel or its authorized distributors.  Please
    Info: refer to the applicable agreement for further details, at
    Info: https://fpgasoftware.intel.com/eula.
    Info: Processing started: Sat Feb 13 17:19:50 2021
    Info: System process ID: 1280
Info: Command: quartus_sta -t Pulse_Detector_Intel_Quartus_Pro_run.tcl
### Create new Intel Quartus Pro 20.4.0 project <a href="matlab:downstream.handle('Model','project_detect').openTargetTool;">hdl_project_verilog\qpro_prj\Pulse_Detector_qpro.qpf</a>
### Set Intel Quartus Pro 20.4.0 project properties
### Update Intel Quartus Pro 20.4.0 project with HDL source files
Info (125061): Changed top-level design entity name to "Pulse_Detector"
### Close Intel Quartus Pro 20.4.0 project.
Info (23030): Evaluation of Tcl script Pulse_Detector_Intel_Quartus_Pro_run.tcl was successful
Info: Quartus Prime Timing Analyzer was successful. 0 errors, 0 warnings
    Info: Peak virtual memory: 296 megabytes
    Info: Processing ended: Sat Feb 13 17:19:54 2021
    Info: Elapsed time: 00:00:04
    Info: System process ID: 1280

Elapsed time is 5.5619 seconds.
